silly Silly log app node bootcamp : 2023-01-21T20:45:10.928Z
debug debug log app node bootcamp : 2023-01-21T20:45:10.934Z
info info log app node bootcamp : 2023-01-21T20:45:10.937Z
verbose verbose log app node bootcamp : 2023-01-21T20:45:10.939Z
warn warn log app node bootcamp : 2023-01-21T20:45:10.947Z
error error log app node bootcamp : 2023-01-21T20:45:10.949Z
silly Silly log app node bootcamp : 2023-01-21T21:05:36.878Z
debug debug log app node bootcamp : 2023-01-21T21:05:36.883Z
info info log app node bootcamp : 2023-01-21T21:05:36.884Z
verbose verbose log app node bootcamp : 2023-01-21T21:05:36.886Z
warn warn log app node bootcamp : 2023-01-21T21:05:36.887Z
error error log app node bootcamp : 2023-01-21T21:05:36.888Z
silly Silly log app node bootcamp : 2023-01-21T21:06:48.481Z
debug debug log app node bootcamp : 2023-01-21T21:06:48.486Z
info info log app node bootcamp : 2023-01-21T21:06:48.487Z
verbose verbose log app node bootcamp : 2023-01-21T21:06:48.489Z
warn warn log app node bootcamp : 2023-01-21T21:06:48.490Z
error error log app node bootcamp : 2023-01-21T21:06:48.491Z
silly Silly log app node bootcamp : 2023-01-21T21:11:58.496Z
debug debug log app node bootcamp : 2023-01-21T21:11:58.501Z
info info log app node bootcamp : 2023-01-21T21:11:58.502Z
verbose verbose log app node bootcamp : 2023-01-21T21:11:58.504Z
warn warn log app node bootcamp : 2023-01-21T21:11:58.504Z
error error log app node bootcamp : 2023-01-21T21:11:58.505Z
